d:\vs projiect\usb_camera_with_cypress-multifunction_034\usb3_camera\debug\vc120.pdb
d:\vs projiect\usb_camera_with_cypress-multifunction_034\usb3_camera\debug\mainwindow.obj
d:\vs projiect\usb_camera_with_cypress-multifunction_034\usb3_camera\debug\main.obj
d:\vs projiect\usb_camera_with_cypress-multifunction_034\usb3_camera\debug\imageprocess.obj
d:\vs projiect\usb_camera_with_cypress-multifunction_034\usb3_camera\debug\imagemodel.obj
d:\vs projiect\usb_camera_with_cypress-multifunction_034\usb3_camera\debug\imagefifo.obj
d:\vs projiect\usb_camera_with_cypress-multifunction_034\usb3_camera\debug\cydevice.obj
d:\vs projiect\usb_camera_with_cypress-multifunction_034\usb3_camera\debug\moc_mainwindow.obj
d:\vs projiect\usb_camera_with_cypress-multifunction_034\usb3_camera\debug\moc_imageprocess.obj
d:\vs projiect\usb_camera_with_cypress-multifunction_034\usb3_camera\debug\moc_imagemodel.obj
d:\vs projiect\usb_camera_with_cypress-multifunction_034\usb3_camera\debug\moc_cydevice.obj
d:\vs projiect\usb_camera_with_cypress-multifunction_034\usb3_camera\debug\qrc_mainwindow.obj
d:\vs projiect\usb_camera_with_cypress-multifunction_034\usb3_camera\generatedfiles\debug\moc_imageprocess.cpp
d:\vs projiect\usb_camera_with_cypress-multifunction_034\usb3_camera\generatedfiles\debug\moc_cydevice.cpp
d:\vs projiect\usb_camera_with_cypress-multifunction_034\usb3_camera\generatedfiles\qrc_mainwindow.cpp
d:\vs projiect\usb_camera_with_cypress-multifunction_034\usb3_camera\generatedfiles\ui_mainwindow.h
d:\vs projiect\usb_camera_with_cypress-multifunction_034\usb3_camera\generatedfiles\debug\moc_imagemodel.cpp
d:\vs projiect\usb_camera_with_cypress-multifunction_034\usb3_camera\generatedfiles\debug\moc_mainwindow.cpp
d:\vs projiect\win32\debug\usb3_camera.ilk
d:\vs projiect\win32\debug\usb3_camera.exe
d:\vs projiect\win32\debug\usb3_camera.pdb
d:\vs projiect\usb_camera_with_cypress-multifunction_034\usb3_camera\debug\camera.res
d:\vs projiect\usb_camera_with_cypress-multifunction_034\usb3_camera\debug\usb3_camera.tlog\cl.command.1.tlog
d:\vs projiect\usb_camera_with_cypress-multifunction_034\usb3_camera\debug\usb3_camera.tlog\cl.read.1.tlog
d:\vs projiect\usb_camera_with_cypress-multifunction_034\usb3_camera\debug\usb3_camera.tlog\cl.write.1.tlog
d:\vs projiect\usb_camera_with_cypress-multifunction_034\usb3_camera\debug\usb3_camera.tlog\custombuild.command.1.tlog
d:\vs projiect\usb_camera_with_cypress-multifunction_034\usb3_camera\debug\usb3_camera.tlog\custombuild.read.1.tlog
d:\vs projiect\usb_camera_with_cypress-multifunction_034\usb3_camera\debug\usb3_camera.tlog\custombuild.write.1.tlog
d:\vs projiect\usb_camera_with_cypress-multifunction_034\usb3_camera\debug\usb3_camera.tlog\link.command.1.tlog
d:\vs projiect\usb_camera_with_cypress-multifunction_034\usb3_camera\debug\usb3_camera.tlog\link.read.1.tlog
d:\vs projiect\usb_camera_with_cypress-multifunction_034\usb3_camera\debug\usb3_camera.tlog\link.write.1.tlog
d:\vs projiect\usb_camera_with_cypress-multifunction_034\usb3_camera\debug\usb3_camera.tlog\rc.command.1.tlog
d:\vs projiect\usb_camera_with_cypress-multifunction_034\usb3_camera\debug\usb3_camera.tlog\rc.read.1.tlog
d:\vs projiect\usb_camera_with_cypress-multifunction_034\usb3_camera\debug\usb3_camera.tlog\rc.write.1.tlog
