生成启动时间为 2016/12/2 20:40:16。
     1>项目“D:\VS projiect\usb_camera_with_Cypress-multifunction_034\usb3_camera\usb3_camera.vcxproj”在节点 2 上(Build 个目标)。
     1>CustomBuild:
         Moc'ing mainwindow.h...
       ClCompile:
         D:\Program Files (x86)\Microsoft Visual Studio 12.0\VC\bin\CL.exe /c /I.\inc\third_party /I.\inc /I.\GeneratedFiles /I. /ID:\software\Qt\5.5\msvc2013\include /I.\GeneratedFiles\Release /ID:\software\Qt\5.5\msvc2013\include\QtCore /ID:\software\Qt\5.5\msvc2013\include\QtGui /ID:\software\Qt\5.5\msvc2013\include\QtWidgets /ID:\software\Qt\5.5\msvc2013\include\QtConcurrent /ID:\software\opencv2.4.11\build\include /nologo /W1 /WX- /O2 /Oy- /D UNICODE /D WIN32 /D WIN64 /D QT_DLL /D QT_NO_DEBUG /D NDEBUG /D QT_CORE_LIB /D QT_GUI_LIB /D QT_WIDGETS_LIB /D QT_CONCURRENT_LIB /D _USING_V110_SDK71_ /D _UNICODE /D UNICODE /Gm- /EHsc /MD /GS /fp:precise /Zc:wchar_t /Zc:forScope /Fo"Release\\" /Fd"Release\vc120.pdb" /Gd /TP /analyze- /errorReport:prompt GeneratedFiles\Release\moc_mainwindow.cpp src\main.cpp src\mainwindow.cpp
         moc_mainwindow.cpp
         main.cpp
         mainwindow.cpp
         正在生成代码...
       Link:
         D:\Program Files (x86)\Microsoft Visual Studio 12.0\VC\bin\link.exe /ERRORREPORT:PROMPT /OUT:"D:\VS projiect\usb_camera_with_Cypress-multifunction_034\usb3_camera\Win32\Release\\usb3_camera.exe" /NOLOGO /LIBPATH:.\lib /LIBPATH:D:\software\Qt\5.5\msvc2013\lib /LIBPATH:D:\software\opencv2.4.11\build\x86\vc12\lib setupapi.lib CyAPI.lib qtmain.lib Qt5Core.lib Qt5Gui.lib Qt5Widgets.lib Qt5Concurrent.lib opencv_calib3d2411d.lib opencv_contrib2411d.lib opencv_core2411d.lib opencv_features2d2411d.lib opencv_flann2411d.lib opencv_gpu2411d.lib opencv_highgui2411d.lib opencv_imgproc2411d.lib opencv_legacy2411d.lib opencv_ml2411d.lib opencv_nonfree2411d.lib opencv_objdetect2411d.lib opencv_ocl2411d.lib opencv_photo2411d.lib opencv_stitching2411d.lib opencv_superres2411d.lib opencv_ts2411d.lib opencv_video2411d.lib opencv_videostab2411d.lib kernel32.lib user32.lib gdi32.lib winspool.lib comdlg32.lib advapi32.lib shell32.lib ole32.lib oleaut32.lib uuid.lib odbc32.lib odbccp32.lib /MANIFEST /MANIFESTUAC:"level='asInvoker' uiAccess='false'" /manifest:embed /PDB:"D:\VS projiect\usb_camera_with_Cypress-multifunction_034\usb3_camera\Win32\Release\usb3_camera.pdb" /SUBSYSTEM:WINDOWS,"5.01" /TLBID:1 /DYNAMICBASE /NXCOMPAT /IMPLIB:"D:\VS projiect\usb_camera_with_Cypress-multifunction_034\usb3_camera\Win32\Release\usb3_camera.lib" /MACHINE:X86 /SAFESEH /NODEFAULTLIB:"libcmt.lib" /J Release\camera.res
         Release\qrc_mainwindow.obj
         Release\moc_cydevice.obj
         Release\moc_imagemodel.obj
         Release\moc_imageprocess.obj
         Release\moc_mainwindow.obj
         Release\cydevice.obj
         Release\imagefifo.obj
         Release\imagemodel.obj
         Release\imageprocess.obj
         Release\main.obj
         Release\mainwindow.obj
     1>LINK : warning LNK4044: 无法识别的选项“/J”；已忽略
         usb3_camera.vcxproj -> D:\VS projiect\usb_camera_with_Cypress-multifunction_034\usb3_camera\Win32\Release\usb3_camera.exe
     1>已完成生成项目“D:\VS projiect\usb_camera_with_Cypress-multifunction_034\usb3_camera\usb3_camera.vcxproj”(Build 个目标)的操作。

生成成功。

已用时间 00:00:10.86
